<?xml version="1.0" encoding="UTF-8"?>
<testsuite xmlns:xsi="http://www.w3.org/2001/XMLSchema-instance" xsi:noNamespaceSchemaLocation="https://maven.apache.org/surefire/maven-surefire-plugin/xsd/surefire-test-report.xsd" name="tests.Login.negative.LoginWithInvalidTest" time="5.882" tests="4" errors="0" skipped="0" failures="0">
  <properties>
[...]
</properties>
  <testcase name="LoginWithoutUsername" classname="tests.Login.negative.LoginWithInvalidTest" time="4.411"/>
  <testcase name="LoginWithInvalidCredentials" classname="tests.Login.negative.LoginWithInvalidTest" time="0.442"/>
  <testcase name="LoginWithEmptyFields" classname="tests.Login.negative.LoginWithInvalidTest" time="0.141"/>
  <testcase name="LoginWithoutPassword" classname="tests.Login.negative.LoginWithInvalidTest" time="0.244"/>
</testsuite>